Arguments: 
  C:\Program Files\nodejs\node.exe C:\Users\ACER\AppData\Roaming\npm\node_modules\yarn\bin\yarn.js add josnwebtoken

PATH: 
  C:\Program Files (x86)\Intel\iCLS Client\;C:\Program Files\Intel\iCLS Client\;C:\Windows\system32;C:\Windows;C:\Windows\System32\Wbem;C:\Windows\System32\WindowsPowerShell\v1.0\;C:\Program Files (x86)\Intel\Intel(R) Management Engine Components\DAL;C:\Program Files\Intel\Intel(R) Management Engine Components\DAL;C:\Program Files (x86)\Intel\Intel(R) Management Engine Components\IPT;C:\Program Files\Intel\Intel(R) Management Engine Components\IPT;C:\Program Files (x86)\NVIDIA Corporation\PhysX\Common;C:\WINDOWS\system32;C:\WINDOWS;C:\WINDOWS\System32\Wbem;C:\WINDOWS\System32\WindowsPowerShell\v1.0\;C:\WINDOWS\System32\OpenSSH\;C:\Program Files\nodejs\;E:\MongoDB\Server\4.0\bin;C:\Program Files (x86)\Git\cmd;C:\Users\ACER\AppData\Local\Microsoft\WindowsApps;C:\Users\ACER\AppData\Local\Programs\Microsoft VS Code\bin;C:\Users\ACER\AppData\Roaming\npm;E:\MongoDB\Server\4.0\bin;

Yarn version: 
  1.13.0

Node version: 
  10.8.0

Platform: 
  win32 x64

Trace: 
  Error: https://registry.npm.taobao.org/josnwebtoken: Not found
      at Request.params.callback [as _callback] (C:\Users\ACER\AppData\Roaming\npm\node_modules\yarn\lib\cli.js:66255:18)
      at Request.self.callback (C:\Users\ACER\AppData\Roaming\npm\node_modules\yarn\lib\cli.js:129397:22)
      at Request.emit (events.js:182:13)
      at Request.<anonymous> (C:\Users\ACER\AppData\Roaming\npm\node_modules\yarn\lib\cli.js:130369:10)
      at Request.emit (events.js:182:13)
      at IncomingMessage.<anonymous> (C:\Users\ACER\AppData\Roaming\npm\node_modules\yarn\lib\cli.js:130291:12)
      at Object.onceWrapper (events.js:273:13)
      at IncomingMessage.emit (events.js:187:15)
      at endReadableNT (_stream_readable.js:1081:12)
      at process._tickCallback (internal/process/next_tick.js:63:19)

npm manifest: 
  {
    "name": "app",
    "version": "1.0.0",
    "description": "restful api",
    "main": "server.js",
    "scripts": {
      "test": "echo \"Error: no test specified\" && exit 1",
      "start": "node server.js",
      "server": "nodemon server.js"
    },
    "author": "blak-kong",
    "license": "ISC",
    "dependencies": {
      "bcrypt": "^3.0.4",
      "body-parser": "^1.18.3",
      "express": "^4.16.4",
      "gravatar": "^1.8.0",
      "mongoose": "^5.4.16"
    }
  }

yarn manifest: 
  No manifest

Lockfile: 
  No lockfile
